<?xml version="1.0" encoding="UTF-8"?>
<coverage generated="1777888919783" clover="3.2.0">
  <project timestamp="1777888919783" name="All files">
    <metrics statements="77" coveredstatements="58" conditionals="41" coveredconditionals="24" methods="22" coveredmethods="16" elements="140" coveredelements="98" complexity="0" loc="77" ncloc="77" packages="1" files="2" classes="2"/>
    <file name="frameworks.ts" path="/app/src/frameworks.ts">
      <metrics statements="1" coveredstatements="1" conditionals="0" coveredconditionals="0" methods="0" coveredmethods="0"/>
      <line num="3" count="1" type="stmt"/>
    </file>
    <file name="index.ts" path="/app/src/index.ts">
      <metrics statements="76" coveredstatements="57" conditionals="41" coveredconditionals="24" methods="22" coveredmethods="16"/>
      <line num="16" count="1" type="stmt"/>
      <line num="23" count="1" type="stmt"/>
      <line num="26" count="1" type="stmt"/>
      <line num="31" count="8" type="stmt"/>
      <line num="38" count="1" type="stmt"/>
      <line num="48" count="1" type="stmt"/>
      <line num="51" count="1" type="stmt"/>
      <line num="60" count="2" type="stmt"/>
      <line num="61" count="2" type="cond" truecount="2" falsecount="0"/>
      <line num="62" count="1" type="stmt"/>
      <line num="67" count="1" type="stmt"/>
      <line num="77" count="1" type="stmt"/>
      <line num="88" count="3" type="stmt"/>
      <line num="89" count="12" type="stmt"/>
      <line num="90" count="3" type="cond" truecount="2" falsecount="0"/>
      <line num="91" count="1" type="stmt"/>
      <line num="97" count="2" type="cond" truecount="1" falsecount="1"/>
      <line num="98" count="2" type="stmt"/>
      <line num="100" count="2" type="stmt"/>
      <line num="103" count="2" type="stmt"/>
      <line num="104" count="2" type="cond" truecount="1" falsecount="1"/>
      <line num="105" count="3" type="cond" truecount="1" falsecount="1"/>
      <line num="106" count="0" type="stmt"/>
      <line num="108" count="2" type="stmt"/>
      <line num="111" count="2" type="stmt"/>
      <line num="124" count="1" type="stmt"/>
      <line num="132" count="2" type="stmt"/>
      <line num="133" count="2" type="cond" truecount="2" falsecount="0"/>
      <line num="134" count="1" type="stmt"/>
      <line num="140" count="1" type="stmt"/>
      <line num="141" count="1" type="stmt"/>
      <line num="142" count="1" type="stmt"/>
      <line num="143" count="1" type="stmt"/>
      <line num="144" count="1" type="cond" truecount="1" falsecount="1"/>
      <line num="148" count="2" type="cond" truecount="2" falsecount="0"/>
      <line num="149" count="2" type="cond" truecount="2" falsecount="0"/>
      <line num="151" count="2" type="cond" truecount="2" falsecount="0"/>
      <line num="152" count="1" type="stmt"/>
      <line num="169" count="0" type="cond" truecount="0" falsecount="2"/>
      <line num="170" count="0" type="stmt"/>
      <line num="171" count="0" type="stmt"/>
      <line num="174" count="0" type="cond" truecount="0" falsecount="2"/>
      <line num="175" count="0" type="cond" truecount="0" falsecount="2"/>
      <line num="178" count="0" type="stmt"/>
      <line num="184" count="0" type="stmt"/>
      <line num="188" count="0" type="stmt"/>
      <line num="189" count="0" type="cond" truecount="0" falsecount="4"/>
      <line num="190" count="0" type="stmt"/>
      <line num="193" count="0" type="stmt"/>
      <line num="199" count="0" type="stmt"/>
      <line num="204" count="1" type="stmt"/>
      <line num="211" count="1" type="stmt"/>
      <line num="212" count="1" type="stmt"/>
      <line num="213" count="1" type="stmt"/>
      <line num="214" count="13" type="cond" truecount="1" falsecount="1"/>
      <line num="215" count="13" type="stmt"/>
      <line num="218" count="1" type="stmt"/>
      <line num="228" count="1" type="stmt"/>
      <line num="236" count="1" type="stmt"/>
      <line num="237" count="1" type="stmt"/>
      <line num="239" count="1" type="cond" truecount="1" falsecount="1"/>
      <line num="243" count="1" type="stmt"/>
      <line num="244" count="8" type="stmt"/>
      <line num="245" count="8" type="stmt"/>
      <line num="246" count="95" type="cond" truecount="3" falsecount="0"/>
      <line num="250" count="8" type="cond" truecount="2" falsecount="0"/>
      <line num="251" count="2" type="stmt"/>
      <line num="255" count="2" type="stmt"/>
      <line num="256" count="1" type="stmt"/>
      <line num="267" count="0" type="stmt"/>
      <line num="268" count="0" type="stmt"/>
      <line num="269" count="0" type="stmt"/>
      <line num="272" count="1" type="cond" truecount="1" falsecount="1"/>
      <line num="273" count="0" type="stmt"/>
      <line num="274" count="0" type="stmt"/>
      <line num="275" count="0" type="stmt"/>
    </file>
  </project>
</coverage>
