{"/app/src/frameworks.ts": {"path":"/app/src/frameworks.ts","statementMap":{"0":{"start":{"line":3,"column":53},"end":{"line":155,"column":null}}},"fnMap":{},"branchMap":{},"s":{"0":1},"f":{},"b":{},"meta":{"lastBranch":0,"lastFunction":0,"lastStatement":1,"seen":{"s:3:53:155:Infinity":0}}}
,"/app/src/index.ts": {"path":"/app/src/index.ts","statementMap":{"0":{"start":{"line":16,"column":22},"end":{"line":20,"column":2}},"1":{"start":{"line":23,"column":17},"end":{"line":23,"column":48}},"2":{"start":{"line":26,"column":0},"end":{"line":45,"column":null}},"3":{"start":{"line":31,"column":17},"end":{"line":37,"column":7}},"4":{"start":{"line":31,"column":64},"end":{"line":37,"column":7}},"5":{"start":{"line":38,"column":4},"end":{"line":43,"column":null}},"6":{"start":{"line":48,"column":22},"end":{"line":48,"column":45}},"7":{"start":{"line":51,"column":0},"end":{"line":74,"column":null}},"8":{"start":{"line":60,"column":15},"end":{"line":60,"column":null}},"9":{"start":{"line":61,"column":4},"end":{"line":65,"column":null}},"10":{"start":{"line":62,"column":6},"end":{"line":65,"column":null}},"11":{"start":{"line":67,"column":4},"end":{"line":72,"column":null}},"12":{"start":{"line":77,"column":0},"end":{"line":121,"column":null}},"13":{"start":{"line":88,"column":15},"end":{"line":88,"column":null}},"14":{"start":{"line":89,"column":17},"end":{"line":89,"column":70}},"15":{"start":{"line":89,"column":54},"end":{"line":89,"column":70}},"16":{"start":{"line":90,"column":4},"end":{"line":94,"column":null}},"17":{"start":{"line":91,"column":6},"end":{"line":94,"column":null}},"18":{"start":{"line":97,"column":4},"end":{"line":98,"column":null}},"19":{"start":{"line":98,"column":6},"end":{"line":98,"column":null}},"20":{"start":{"line":100,"column":20},"end":{"line":100,"column":43}},"21":{"start":{"line":103,"column":21},"end":{"line":103,"column":72}},"22":{"start":{"line":103,"column":52},"end":{"line":103,"column":72}},"23":{"start":{"line":104,"column":19},"end":{"line":104,"column":null}},"24":{"start":{"line":105,"column":4},"end":{"line":108,"column":null}},"25":{"start":{"line":106,"column":6},"end":{"line":106,"column":null}},"26":{"start":{"line":108,"column":6},"end":{"line":108,"column":null}},"27":{"start":{"line":111,"column":4},"end":{"line":119,"column":null}},"28":{"start":{"line":124,"column":0},"end":{"line":201,"column":null}},"29":{"start":{"line":132,"column":20},"end":{"line":132,"column":43}},"30":{"start":{"line":133,"column":4},"end":{"line":137,"column":null}},"31":{"start":{"line":134,"column":6},"end":{"line":137,"column":null}},"32":{"start":{"line":140,"column":15},"end":{"line":140,"column":null}},"33":{"start":{"line":141,"column":19},"end":{"line":141,"column":null}},"34":{"start":{"line":141,"column":47},"end":{"line":141,"column":67}},"35":{"start":{"line":142,"column":19},"end":{"line":142,"column":null}},"36":{"start":{"line":142,"column":47},"end":{"line":142,"column":67}},"37":{"start":{"line":143,"column":20},"end":{"line":143,"column":null}},"38":{"start":{"line":143,"column":48},"end":{"line":143,"column":68}},"39":{"start":{"line":144,"column":18},"end":{"line":146,"column":null}},"40":{"start":{"line":148,"column":26},"end":{"line":148,"column":99}},"41":{"start":{"line":148,"column":54},"end":{"line":148,"column":99}},"42":{"start":{"line":149,"column":22},"end":{"line":149,"column":91}},"43":{"start":{"line":149,"column":50},"end":{"line":149,"column":91}},"44":{"start":{"line":151,"column":4},"end":{"line":166,"column":null}},"45":{"start":{"line":152,"column":6},"end":{"line":166,"column":null}},"46":{"start":{"line":169,"column":4},"end":{"line":184,"column":null}},"47":{"start":{"line":170,"column":19},"end":{"line":172,"column":18}},"48":{"start":{"line":171,"column":8},"end":{"line":171,"column":null}},"49":{"start":{"line":174,"column":30},"end":{"line":176,"column":null}},"50":{"start":{"line":175,"column":63},"end":{"line":175,"column":126}},"51":{"start":{"line":178,"column":21},"end":{"line":182,"column":null}},"52":{"start":{"line":184,"column":6},"end":{"line":184,"column":null}},"53":{"start":{"line":188,"column":17},"end":{"line":191,"column":15}},"54":{"start":{"line":189,"column":20},"end":{"line":189,"column":null}},"55":{"start":{"line":190,"column":6},"end":{"line":190,"column":null}},"56":{"start":{"line":193,"column":17},"end":{"line":197,"column":null}},"57":{"start":{"line":199,"column":4},"end":{"line":199,"column":null}},"58":{"start":{"line":204,"column":0},"end":{"line":225,"column":null}},"59":{"start":{"line":211,"column":15},"end":{"line":211,"column":null}},"60":{"start":{"line":212,"column":20},"end":{"line":212,"column":null}},"61":{"start":{"line":213,"column":4},"end":{"line":217,"column":null}},"62":{"start":{"line":214,"column":6},"end":{"line":215,"column":null}},"63":{"start":{"line":215,"column":8},"end":{"line":215,"column":null}},"64":{"start":{"line":218,"column":4},"end":{"line":223,"column":null}},"65":{"start":{"line":228,"column":0},"end":{"line":263,"column":null}},"66":{"start":{"line":236,"column":14},"end":{"line":236,"column":33}},"67":{"start":{"line":237,"column":53},"end":{"line":237,"column":55}},"68":{"start":{"line":239,"column":21},"end":{"line":241,"column":19}},"69":{"start":{"line":243,"column":4},"end":{"line":251,"column":null}},"70":{"start":{"line":244,"column":17},"end":{"line":244,"column":null}},"71":{"start":{"line":245,"column":22},"end":{"line":248,"column":null}},"72":{"start":{"line":246,"column":8},"end":{"line":248,"column":50}},"73":{"start":{"line":250,"column":6},"end":{"line":251,"column":null}},"74":{"start":{"line":251,"column":8},"end":{"line":251,"column":null}},"75":{"start":{"line":255,"column":18},"end":{"line":255,"column":82}},"76":{"start":{"line":255,"column":62},"end":{"line":255,"column":80}},"77":{"start":{"line":256,"column":4},"end":{"line":261,"column":null}},"78":{"start":{"line":267,"column":20},"end":{"line":267,"column":46}},"79":{"start":{"line":268,"column":2},"end":{"line":268,"column":null}},"80":{"start":{"line":269,"column":2},"end":{"line":269,"column":null}},"81":{"start":{"line":272,"column":0},"end":{"line":276,"column":null}},"82":{"start":{"line":273,"column":2},"end":{"line":276,"column":null}},"83":{"start":{"line":274,"column":4},"end":{"line":274,"column":null}},"84":{"start":{"line":275,"column":4},"end":{"line":275,"column":null}}},"fnMap":{"0":{"name":"(anonymous_0)","decl":{"start":{"line":30,"column":2},"end":{"line":30,"column":14}},"loc":{"start":{"line":30,"column":14},"end":{"line":45,"column":null}},"line":30},"1":{"name":"(anonymous_1)","decl":{"start":{"line":31,"column":44},"end":{"line":31,"column":49}},"loc":{"start":{"line":31,"column":64},"end":{"line":37,"column":7}},"line":31},"2":{"name":"(anonymous_2)","decl":{"start":{"line":59,"column":2},"end":{"line":59,"column":9}},"loc":{"start":{"line":59,"column":27},"end":{"line":74,"column":null}},"line":59},"3":{"name":"(anonymous_3)","decl":{"start":{"line":87,"column":2},"end":{"line":87,"column":9}},"loc":{"start":{"line":87,"column":61},"end":{"line":121,"column":null}},"line":87},"4":{"name":"(anonymous_4)","decl":{"start":{"line":89,"column":27},"end":{"line":89,"column":33}},"loc":{"start":{"line":89,"column":54},"end":{"line":89,"column":70}},"line":89},"5":{"name":"(anonymous_5)","decl":{"start":{"line":103,"column":37},"end":{"line":103,"column":47}},"loc":{"start":{"line":103,"column":52},"end":{"line":103,"column":72}},"line":103},"6":{"name":"(anonymous_6)","decl":{"start":{"line":131,"column":2},"end":{"line":131,"column":9}},"loc":{"start":{"line":131,"column":35},"end":{"line":201,"column":null}},"line":131},"7":{"name":"(anonymous_7)","decl":{"start":{"line":141,"column":35},"end":{"line":141,"column":42}},"loc":{"start":{"line":141,"column":47},"end":{"line":141,"column":67}},"line":141},"8":{"name":"(anonymous_8)","decl":{"start":{"line":142,"column":35},"end":{"line":142,"column":42}},"loc":{"start":{"line":142,"column":47},"end":{"line":142,"column":67}},"line":142},"9":{"name":"(anonymous_9)","decl":{"start":{"line":143,"column":36},"end":{"line":143,"column":43}},"loc":{"start":{"line":143,"column":48},"end":{"line":143,"column":68}},"line":143},"10":{"name":"(anonymous_10)","decl":{"start":{"line":148,"column":42},"end":{"line":148,"column":49}},"loc":{"start":{"line":148,"column":54},"end":{"line":148,"column":99}},"line":148},"11":{"name":"(anonymous_11)","decl":{"start":{"line":149,"column":38},"end":{"line":149,"column":45}},"loc":{"start":{"line":149,"column":50},"end":{"line":149,"column":91}},"line":149},"12":{"name":"(anonymous_12)","decl":{"start":{"line":170,"column":35},"end":{"line":170,"column":39}},"loc":{"start":{"line":171,"column":8},"end":{"line":171,"column":null}},"line":171},"13":{"name":"(anonymous_13)","decl":{"start":{"line":175,"column":54},"end":{"line":175,"column":58}},"loc":{"start":{"line":175,"column":63},"end":{"line":175,"column":126}},"line":175},"14":{"name":"(anonymous_14)","decl":{"start":{"line":188,"column":33},"end":{"line":188,"column":37}},"loc":{"start":{"line":188,"column":42},"end":{"line":191,"column":7}},"line":188},"15":{"name":"(anonymous_15)","decl":{"start":{"line":210,"column":2},"end":{"line":210,"column":9}},"loc":{"start":{"line":210,"column":27},"end":{"line":225,"column":null}},"line":210},"16":{"name":"(anonymous_16)","decl":{"start":{"line":213,"column":13},"end":{"line":213,"column":22}},"loc":{"start":{"line":213,"column":46},"end":{"line":217,"column":null}},"line":213},"17":{"name":"(anonymous_17)","decl":{"start":{"line":235,"column":2},"end":{"line":235,"column":9}},"loc":{"start":{"line":235,"column":34},"end":{"line":263,"column":null}},"line":235},"18":{"name":"(anonymous_18)","decl":{"start":{"line":245,"column":31},"end":{"line":245,"column":39}},"loc":{"start":{"line":246,"column":8},"end":{"line":248,"column":50}},"line":246},"19":{"name":"(anonymous_19)","decl":{"start":{"line":255,"column":41},"end":{"line":255,"column":49}},"loc":{"start":{"line":255,"column":62},"end":{"line":255,"column":80}},"line":255},"20":{"name":"main","decl":{"start":{"line":266,"column":15},"end":{"line":266,"column":22}},"loc":{"start":{"line":266,"column":22},"end":{"line":269,"column":null}},"line":266},"21":{"name":"(anonymous_21)","decl":{"start":{"line":273,"column":9},"end":{"line":273,"column":16}},"loc":{"start":{"line":273,"column":24},"end":{"line":276,"column":null}},"line":273}},"branchMap":{"0":{"loc":{"start":{"line":61,"column":4},"end":{"line":65,"column":null}},"type":"if","locations":[{"start":{"line":61,"column":4},"end":{"line":65,"column":null}},{"start":{},"end":{}}],"line":61},"1":{"loc":{"start":{"line":90,"column":4},"end":{"line":94,"column":null}},"type":"if","locations":[{"start":{"line":90,"column":4},"end":{"line":94,"column":null}},{"start":{},"end":{}}],"line":90},"2":{"loc":{"start":{"line":97,"column":4},"end":{"line":98,"column":null}},"type":"if","locations":[{"start":{"line":97,"column":4},"end":{"line":98,"column":null}},{"start":{},"end":{}}],"line":97},"3":{"loc":{"start":{"line":104,"column":80},"end":{"line":104,"column":93}},"type":"binary-expr","locations":[{"start":{"line":104,"column":80},"end":{"line":104,"column":89}},{"start":{"line":104,"column":89},"end":{"line":104,"column":93}}],"line":104},"4":{"loc":{"start":{"line":105,"column":4},"end":{"line":108,"column":null}},"type":"if","locations":[{"start":{"line":105,"column":4},"end":{"line":108,"column":null}},{"start":{"line":107,"column":11},"end":{"line":108,"column":null}}],"line":105},"5":{"loc":{"start":{"line":133,"column":4},"end":{"line":137,"column":null}},"type":"if","locations":[{"start":{"line":133,"column":4},"end":{"line":137,"column":null}},{"start":{},"end":{}}],"line":133},"6":{"loc":{"start":{"line":144,"column":18},"end":{"line":146,"column":null}},"type":"cond-expr","locations":[{"start":{"line":145,"column":8},"end":{"line":145,"column":59}},{"start":{"line":146,"column":8},"end":{"line":146,"column":null}}],"line":144},"7":{"loc":{"start":{"line":148,"column":54},"end":{"line":148,"column":99}},"type":"binary-expr","locations":[{"start":{"line":148,"column":54},"end":{"line":148,"column":77}},{"start":{"line":148,"column":77},"end":{"line":148,"column":99}}],"line":148},"8":{"loc":{"start":{"line":149,"column":50},"end":{"line":149,"column":91}},"type":"binary-expr","locations":[{"start":{"line":149,"column":50},"end":{"line":149,"column":73}},{"start":{"line":149,"column":73},"end":{"line":149,"column":91}}],"line":149},"9":{"loc":{"start":{"line":151,"column":4},"end":{"line":166,"column":null}},"type":"if","locations":[{"start":{"line":151,"column":4},"end":{"line":166,"column":null}},{"start":{},"end":{}}],"line":151},"10":{"loc":{"start":{"line":169,"column":4},"end":{"line":184,"column":null}},"type":"if","locations":[{"start":{"line":169,"column":4},"end":{"line":184,"column":null}},{"start":{},"end":{}}],"line":169},"11":{"loc":{"start":{"line":174,"column":30},"end":{"line":176,"column":null}},"type":"cond-expr","locations":[{"start":{"line":175,"column":10},"end":{"line":175,"column":null}},{"start":{"line":176,"column":10},"end":{"line":176,"column":null}}],"line":174},"12":{"loc":{"start":{"line":175,"column":94},"end":{"line":175,"column":126}},"type":"cond-expr","locations":[{"start":{"line":175,"column":104},"end":{"line":175,"column":121}},{"start":{"line":175,"column":121},"end":{"line":175,"column":126}}],"line":175},"13":{"loc":{"start":{"line":189,"column":20},"end":{"line":189,"column":null}},"type":"cond-expr","locations":[{"start":{"line":189,"column":42},"end":{"line":189,"column":54}},{"start":{"line":189,"column":54},"end":{"line":189,"column":null}}],"line":189},"14":{"loc":{"start":{"line":189,"column":54},"end":{"line":189,"column":null}},"type":"cond-expr","locations":[{"start":{"line":189,"column":76},"end":{"line":189,"column":88}},{"start":{"line":189,"column":88},"end":{"line":189,"column":null}}],"line":189},"15":{"loc":{"start":{"line":214,"column":6},"end":{"line":215,"column":null}},"type":"if","locations":[{"start":{"line":214,"column":6},"end":{"line":215,"column":null}},{"start":{},"end":{}}],"line":214},"16":{"loc":{"start":{"line":239,"column":21},"end":{"line":241,"column":19}},"type":"cond-expr","locations":[{"start":{"line":240,"column":8},"end":{"line":240,"column":31}},{"start":{"line":241,"column":8},"end":{"line":241,"column":19}}],"line":239},"17":{"loc":{"start":{"line":246,"column":8},"end":{"line":248,"column":50}},"type":"binary-expr","locations":[{"start":{"line":246,"column":8},"end":{"line":246,"column":41}},{"start":{"line":247,"column":8},"end":{"line":247,"column":44}},{"start":{"line":248,"column":8},"end":{"line":248,"column":50}}],"line":246},"18":{"loc":{"start":{"line":250,"column":6},"end":{"line":251,"column":null}},"type":"if","locations":[{"start":{"line":250,"column":6},"end":{"line":251,"column":null}},{"start":{},"end":{}}],"line":250},"19":{"loc":{"start":{"line":272,"column":0},"end":{"line":276,"column":null}},"type":"if","locations":[{"start":{"line":272,"column":0},"end":{"line":276,"column":null}},{"start":{},"end":{}}],"line":272}},"s":{"0":1,"1":1,"2":1,"3":1,"4":8,"5":1,"6":1,"7":1,"8":2,"9":2,"10":1,"11":1,"12":1,"13":3,"14":3,"15":12,"16":3,"17":1,"18":2,"19":2,"20":2,"21":2,"22":0,"23":2,"24":3,"25":0,"26":2,"27":2,"28":1,"29":2,"30":2,"31":1,"32":1,"33":1,"34":1,"35":1,"36":1,"37":1,"38":1,"39":1,"40":2,"41":1,"42":2,"43":1,"44":2,"45":1,"46":0,"47":0,"48":0,"49":0,"50":0,"51":0,"52":0,"53":0,"54":0,"55":0,"56":0,"57":0,"58":1,"59":1,"60":1,"61":1,"62":13,"63":13,"64":1,"65":1,"66":1,"67":1,"68":1,"69":1,"70":8,"71":8,"72":95,"73":8,"74":2,"75":1,"76":2,"77":1,"78":0,"79":0,"80":0,"81":1,"82":0,"83":0,"84":0},"f":{"0":1,"1":8,"2":2,"3":3,"4":12,"5":0,"6":2,"7":1,"8":1,"9":1,"10":1,"11":1,"12":0,"13":0,"14":0,"15":1,"16":13,"17":1,"18":95,"19":2,"20":0,"21":0},"b":{"0":[1,1],"1":[1,2],"2":[2,0],"3":[2,0],"4":[0,2],"5":[1,1],"6":[1,0],"7":[1,1],"8":[1,1],"9":[1,1],"10":[0,0],"11":[0,0],"12":[0,0],"13":[0,0],"14":[0,0],"15":[13,0],"16":[1,0],"17":[95,95,95],"18":[2,6],"19":[0,1]},"meta":{"lastBranch":20,"lastFunction":22,"lastStatement":85,"seen":{"s:16:22:20:2":0,"s:23:17:23:48":1,"s:26:0:45:Infinity":2,"f:30:2:30:14":0,"s:31:17:37:7":3,"f:31:44:31:49":1,"s:31:64:37:7":4,"s:38:4:43:Infinity":5,"s:48:22:48:45":6,"s:51:0:74:Infinity":7,"f:59:2:59:9":2,"s:60:15:60:Infinity":8,"b:61:4:65:Infinity:undefined:undefined:undefined:undefined":0,"s:61:4:65:Infinity":9,"s:62:6:65:Infinity":10,"s:67:4:72:Infinity":11,"s:77:0:121:Infinity":12,"f:87:2:87:9":3,"s:88:15:88:Infinity":13,"s:89:17:89:70":14,"f:89:27:89:33":4,"s:89:54:89:70":15,"b:90:4:94:Infinity:undefined:undefined:undefined:undefined":1,"s:90:4:94:Infinity":16,"s:91:6:94:Infinity":17,"b:97:4:98:Infinity:undefined:undefined:undefined:undefined":2,"s:97:4:98:Infinity":18,"s:98:6:98:Infinity":19,"s:100:20:100:43":20,"s:103:21:103:72":21,"f:103:37:103:47":5,"s:103:52:103:72":22,"s:104:19:104:Infinity":23,"b:104:80:104:89:104:89:104:93":3,"b:105:4:108:Infinity:107:11:108:Infinity":4,"s:105:4:108:Infinity":24,"s:106:6:106:Infinity":25,"s:108:6:108:Infinity":26,"s:111:4:119:Infinity":27,"s:124:0:201:Infinity":28,"f:131:2:131:9":6,"s:132:20:132:43":29,"b:133:4:137:Infinity:undefined:undefined:undefined:undefined":5,"s:133:4:137:Infinity":30,"s:134:6:137:Infinity":31,"s:140:15:140:Infinity":32,"s:141:19:141:Infinity":33,"f:141:35:141:42":7,"s:141:47:141:67":34,"s:142:19:142:Infinity":35,"f:142:35:142:42":8,"s:142:47:142:67":36,"s:143:20:143:Infinity":37,"f:143:36:143:43":9,"s:143:48:143:68":38,"s:144:18:146:Infinity":39,"b:145:8:145:59:146:8:146:Infinity":6,"s:148:26:148:99":40,"f:148:42:148:49":10,"s:148:54:148:99":41,"b:148:54:148:77:148:77:148:99":7,"s:149:22:149:91":42,"f:149:38:149:45":11,"s:149:50:149:91":43,"b:149:50:149:73:149:73:149:91":8,"b:151:4:166:Infinity:undefined:undefined:undefined:undefined":9,"s:151:4:166:Infinity":44,"s:152:6:166:Infinity":45,"b:169:4:184:Infinity:undefined:undefined:undefined:undefined":10,"s:169:4:184:Infinity":46,"s:170:19:172:18":47,"f:170:35:170:39":12,"s:171:8:171:Infinity":48,"s:174:30:176:Infinity":49,"b:175:10:175:Infinity:176:10:176:Infinity":11,"f:175:54:175:58":13,"s:175:63:175:126":50,"b:175:104:175:121:175:121:175:126":12,"s:178:21:182:Infinity":51,"s:184:6:184:Infinity":52,"s:188:17:191:15":53,"f:188:33:188:37":14,"s:189:20:189:Infinity":54,"b:189:42:189:54:189:54:189:Infinity":13,"b:189:76:189:88:189:88:189:Infinity":14,"s:190:6:190:Infinity":55,"s:193:17:197:Infinity":56,"s:199:4:199:Infinity":57,"s:204:0:225:Infinity":58,"f:210:2:210:9":15,"s:211:15:211:Infinity":59,"s:212:20:212:Infinity":60,"s:213:4:217:Infinity":61,"f:213:13:213:22":16,"b:214:6:215:Infinity:undefined:undefined:undefined:undefined":15,"s:214:6:215:Infinity":62,"s:215:8:215:Infinity":63,"s:218:4:223:Infinity":64,"s:228:0:263:Infinity":65,"f:235:2:235:9":17,"s:236:14:236:33":66,"s:237:53:237:55":67,"s:239:21:241:19":68,"b:240:8:240:31:241:8:241:19":16,"s:243:4:251:Infinity":69,"s:244:17:244:Infinity":70,"s:245:22:248:Infinity":71,"f:245:31:245:39":18,"s:246:8:248:50":72,"b:246:8:246:41:247:8:247:44:248:8:248:50":17,"b:250:6:251:Infinity:undefined:undefined:undefined:undefined":18,"s:250:6:251:Infinity":73,"s:251:8:251:Infinity":74,"s:255:18:255:82":75,"f:255:41:255:49":19,"s:255:62:255:80":76,"s:256:4:261:Infinity":77,"f:266:15:266:22":20,"s:267:20:267:46":78,"s:268:2:268:Infinity":79,"s:269:2:269:Infinity":80,"b:272:0:276:Infinity:undefined:undefined:undefined:undefined":19,"s:272:0:276:Infinity":81,"s:273:2:276:Infinity":82,"f:273:9:273:16":21,"s:274:4:274:Infinity":83,"s:275:4:275:Infinity":84}}}
}
